<?xml version="1.0" encoding="UTF-8"?>
<!-- Generated by org.testng.reporters.JUnitReportReporter -->
<testsuite hostname="DESKTOP-4H3OK9T" failures="0" tests="1" name="mtpcg1.TestingApp1" time="1.510" errors="0" timestamp="2022-02-02T22:43:43 IST" skipped="0">
  <testcase classname="mtpcg1.TestingApp1" name="A1" time="1.510"/>
  <system-out/>
</testsuite> <!-- mtpcg1.TestingApp1 -->
