<?xml version="1.0" encoding="UTF-8"?>
<!-- Generated by org.testng.reporters.JUnitReportReporter -->
<testsuite hostname="DESKTOP-4H3OK9T" failures="0" tests="1" name="mtpcg2.BetaTest2" time="40.045" errors="0" timestamp="2022-02-03T20:55:51 IST" skipped="0">
  <testcase classname="mtpcg2.BetaTest2" name="B1" time="40.045"/>
  <system-out/>
</testsuite> <!-- mtpcg2.BetaTest2 -->
