<?xml version="1.0" encoding="UTF-8"?>
<!-- Generated by org.testng.reporters.JUnitReportReporter -->
<testsuite hostname="DESKTOP-4H3OK9T" failures="0" tests="3" name="mtpcg1.Fb" time="30.682" errors="0" timestamp="2022-02-06T23:49:36 IST" skipped="0">
  <testcase classname="mtpcg1.Fb" name="fbdetails" time="20.562"/>
  <system-out/>
  <testcase classname="mtpcg1.Fb" name="fbdetails" time="7.746"/>
  <system-out/>
  <testcase classname="mtpcg1.Fb" name="Terms" time="2.374"/>
  <system-out/>
</testsuite> <!-- mtpcg1.Fb -->
