<?xml version="1.0" encoding="UTF-8"?>
<!-- Generated by org.testng.reporters.JUnitReportReporter -->
<testsuite skipped="0" hostname="DESKTOP-4H3OK9T" name="mtpcg1.Fb" tests="3" failures="0" timestamp="2022-02-09T00:32:22 IST" time="19.562" errors="0">
  <testcase name="fbdetails" time="7.769" classname="mtpcg1.Fb"/>
  <system-out/>
  <testcase name="fbdetails" time="10.218" classname="mtpcg1.Fb"/>
  <system-out/>
  <testcase name="Terms" time="1.575" classname="mtpcg1.Fb"/>
  <system-out/>
</testsuite> <!-- mtpcg1.Fb -->
